0 verbose cli C:\Program Files\nodejs\node.exe C:\Users\LENOVO\AppData\Roaming\npm\node_modules\npm\bin\npm-cli.js
1 info using npm@11.7.0
2 info using node@v22.13.1
3 silly config load:file:C:\Users\LENOVO\AppData\Roaming\npm\node_modules\npm\npmrc
4 silly config load:file:D:\Projects\Freelance\Audy-LP-16\landingpage_cms-audy\.npmrc
5 silly config load:file:C:\Users\LENOVO\.npmrc
6 silly config load:file:C:\Users\LENOVO\AppData\Roaming\npm\etc\npmrc
7 verbose title npm exec pnpm@10.0.0 add -w smooth-scrollbar
8 verbose argv "exec" "--yes" "--" "pnpm@10.0.0" "add" "-w" "smooth-scrollbar"
9 verbose logfile logs-max:10 dir:D:\Projects\Freelance\Audy-LP-16\landingpage_cms-audy\.npm-cache\_logs\2026-05-10T08_57_50_798Z-
10 verbose logfile D:\Projects\Freelance\Audy-LP-16\landingpage_cms-audy\.npm-cache\_logs\2026-05-10T08_57_50_798Z-debug-0.log
11 silly logfile done cleaning log files
12 silly packumentCache heap:4345298944 maxSize:1086324736 maxEntrySize:543162368
13 http fetch GET 200 https://registry.npmjs.org/pnpm 592ms (cache revalidated)
14 silly packumentCache heap:4345298944 maxSize:1086324736 maxEntrySize:543162368
15 silly packumentCache heap:4345298944 maxSize:1086324736 maxEntrySize:543162368
16 silly idealTree buildDeps
17 silly fetch manifest pnpm@10.0.0
18 silly packumentCache full:https://registry.npmjs.org/pnpm cache-miss
19 http fetch GET 200 https://registry.npmjs.org/pnpm 183ms (cache revalidated)
20 silly packumentCache full:https://registry.npmjs.org/pnpm set size:5371855 disposed:false
21 silly placeDep ROOT pnpm@10.0.0 REPLACE for:  want: 10.0.0
22 silly reify mark retired [
22 silly reify   'D:\\Projects\\Freelance\\Audy-LP-16\\landingpage_cms-audy\\.npm-cache\\_npx\\7d86d8f789780562\\node_modules\\pnpm'
22 silly reify ]
23 silly reify moves {
23 silly reify   'D:\\Projects\\Freelance\\Audy-LP-16\\landingpage_cms-audy\\.npm-cache\\_npx\\7d86d8f789780562\\node_modules\\pnpm': 'D:\\Projects\\Freelance\\Audy-LP-16\\landingpage_cms-audy\\.npm-cache\\_npx\\7d86d8f789780562\\node_modules\\.pnpm-G0Jvyk8u'
23 silly reify }
24 silly audit bulk request { pnpm: [ '10.0.0' ] }
25 http cache pnpm@https://registry.npmjs.org/pnpm/-/pnpm-10.0.0.tgz 0ms (cache hit)
26 silly tarball no local data for pnpm@https://registry.npmjs.org/pnpm/-/pnpm-10.0.0.tgz. Extracting by manifest.
27 http fetch POST 200 https://registry.npmjs.org/-/npm/v1/security/advisories/bulk 251ms
28 silly audit report {
28 silly audit report   pnpm: [
28 silly audit report     {
28 silly audit report       id: 1111960,
28 silly audit report       url: 'https://github.com/advisories/GHSA-379q-355j-w6rj',
28 silly audit report       title: 'pnpm v10+ Bypass "Dependency lifecycle scripts execution disabled by default"',
28 silly audit report       severity: 'high',
28 silly audit report       vulnerable_versions: '>=10.0.0 <10.26.0',
28 silly audit report       cwe: [Array],
28 silly audit report       cvss: [Object]
28 silly audit report     },
28 silly audit report     {
28 silly audit report       id: 1111961,
28 silly audit report       url: 'https://github.com/advisories/GHSA-7vhp-vf5g-r2fw',
28 silly audit report       title: 'pnpm Has Lockfile Integrity Bypass that Allows Remote Dynamic Dependencies',
28 silly audit report       severity: 'high',
28 silly audit report       vulnerable_versions: '<10.26.0',
28 silly audit report       cwe: [Array],
28 silly audit report       cvss: [Object]
28 silly audit report     },
28 silly audit report     {
28 silly audit report       id: 1112536,
28 silly audit report       url: 'https://github.com/advisories/GHSA-v253-rj99-jwpq',
28 silly audit report       title: 'pnpm has Path Traversal via arbitrary file permission modification ',
28 silly audit report       severity: 'moderate',
28 silly audit report       vulnerable_versions: '<10.28.2',
28 silly audit report       cwe: [Array],
28 silly audit report       cvss: [Object]
28 silly audit report     },
28 silly audit report     {
28 silly audit report       id: 1112639,
28 silly audit report       url: 'https://github.com/advisories/GHSA-6pfh-p556-v868',
28 silly audit report       title: 'pnpm: Binary ZIP extraction allows arbitrary file write via path traversal (Zip Slip)',
28 silly audit report       severity: 'moderate',
28 silly audit report       vulnerable_versions: '<10.28.1',
28 silly audit report       cwe: [Array],
28 silly audit report       cvss: [Object]
28 silly audit report     },
28 silly audit report     {
28 silly audit report       id: 1112679,
28 silly audit report       url: 'https://github.com/advisories/GHSA-6x96-7vc8-cm3p',
28 silly audit report       title: 'pnpm has Windows-specific tarball Path Traversal',
28 silly audit report       severity: 'moderate',
28 silly audit report       vulnerable_versions: '<10.28.1',
28 silly audit report       cwe: [Array],
28 silly audit report       cvss: [Object]
28 silly audit report     },
28 silly audit report     {
28 silly audit report       id: 1112680,
28 silly audit report       url: 'https://github.com/advisories/GHSA-xpqm-wm3m-f34h',
28 silly audit report       title: 'pnpm scoped bin name Path Traversal allows arbitrary file creation outside node_modules/.bin',
28 silly audit report       severity: 'moderate',
28 silly audit report       vulnerable_versions: '<10.28.1',
28 silly audit report       cwe: [Array],
28 silly audit report       cvss: [Object]
28 silly audit report     },
28 silly audit report     {
28 silly audit report       id: 1112681,
28 silly audit report       url: 'https://github.com/advisories/GHSA-m733-5w8f-5ggw',
28 silly audit report       title: 'pnpm has symlink traversal in file:/git dependencies',
28 silly audit report       severity: 'moderate',
28 silly audit report       vulnerable_versions: '<10.28.2',
28 silly audit report       cwe: [Array],
28 silly audit report       cvss: [Object]
28 silly audit report     },
28 silly audit report     {
28 silly audit report       id: 1117386,
28 silly audit report       url: 'https://github.com/advisories/GHSA-2phv-j68v-wwqx',
28 silly audit report       title: 'pnpm vulnerable to Command Injection via environment variable substitution',
28 silly audit report       severity: 'high',
28 silly audit report       vulnerable_versions: '>=6.25.0 <10.27.0',
28 silly audit report       cwe: [Array],
28 silly audit report       cvss: [Object]
28 silly audit report     }
28 silly audit report   ]
28 silly audit report }
29 silly packumentCache corgi:https://registry.npmjs.org/pnpm cache-miss
30 http cache https://registry.npmjs.org/pnpm 14ms (cache hit)
31 silly packumentCache corgi:https://registry.npmjs.org/pnpm set size:1776804 disposed:false
32 http fetch GET 200 https://registry.npmjs.org/pnpm/-/pnpm-10.0.0.tgz 24940ms (cache miss)
33 verbose cwd D:\Projects\Freelance\Audy-LP-16\landingpage_cms-audy
34 verbose os Windows_NT 10.0.26200
35 verbose node v22.13.1
36 verbose npm  v11.7.0
37 verbose exit 0
38 info ok
