0 verbose cli C:\Program Files\nodejs\node.exe C:\Users\LENOVO\AppData\Roaming\npm\node_modules\npm\bin\npm-cli.js
1 info using npm@11.7.0
2 info using node@v22.13.1
3 silly config load:file:C:\Users\LENOVO\AppData\Roaming\npm\node_modules\npm\npmrc
4 silly config load:file:D:\Projects\Freelance\Audy-LP-16\landingpage_cms-audy\.npmrc
5 silly config load:file:C:\Users\LENOVO\.npmrc
6 silly config load:file:C:\Users\LENOVO\AppData\Roaming\npm\etc\npmrc
7 verbose title npm exec pnpm@latest install --lockfile-only --no-frozen-lockfile
8 verbose argv "exec" "--yes" "--" "pnpm@latest" "install" "--lockfile-only" "--no-frozen-lockfile"
9 verbose logfile logs-max:10 dir:D:\Projects\Freelance\Audy-LP-16\landingpage_cms-audy\.npm-cache\_logs\2026-05-11T12_17_20_760Z-
10 verbose logfile D:\Projects\Freelance\Audy-LP-16\landingpage_cms-audy\.npm-cache\_logs\2026-05-11T12_17_20_760Z-debug-0.log
11 silly logfile done cleaning log files
12 silly packumentCache heap:4345298944 maxSize:1086324736 maxEntrySize:543162368
13 http fetch GET 200 https://registry.npmjs.org/pnpm 11416ms (cache revalidated)
14 silly packumentCache heap:4345298944 maxSize:1086324736 maxEntrySize:543162368
15 silly packumentCache heap:4345298944 maxSize:1086324736 maxEntrySize:543162368
16 silly idealTree buildDeps
17 silly fetch manifest pnpm@11.0.9
18 silly packumentCache full:https://registry.npmjs.org/pnpm cache-miss
19 http fetch GET 200 https://registry.npmjs.org/pnpm 686ms (cache revalidated)
20 silly packumentCache full:https://registry.npmjs.org/pnpm set size:5371855 disposed:false
21 silly placeDep ROOT pnpm@11.0.9 OK for:  want: 11.0.9
22 silly reify moves {}
23 silly audit bulk request { pnpm: [ '11.0.9' ] }
24 http cache pnpm@https://registry.npmjs.org/pnpm/-/pnpm-11.0.9.tgz 0ms (cache hit)
25 silly tarball no local data for pnpm@https://registry.npmjs.org/pnpm/-/pnpm-11.0.9.tgz. Extracting by manifest.
26 http fetch POST 200 https://registry.npmjs.org/-/npm/v1/security/advisories/bulk 318ms
27 silly audit report {}
28 http fetch GET 200 https://registry.npmjs.org/pnpm/-/pnpm-11.0.9.tgz 9589ms (cache miss)
29 verbose cwd D:\Projects\Freelance\Audy-LP-16\landingpage_cms-audy
30 verbose os Windows_NT 10.0.26200
31 verbose node v22.13.1
32 verbose npm  v11.7.0
33 verbose exit 0
34 info ok
