0 verbose cli C:\Program Files\nodejs\node.exe C:\Program Files\nodejs\node_modules\npm\bin\npm-cli.js
1 info using npm@10.9.2
2 info using node@v22.13.1
3 silly config load:file:C:\Program Files\nodejs\node_modules\npm\npmrc
4 silly config load:file:D:\Projects\Freelance\Audy-LP-16\landingpage_cms-audy\.npmrc
5 silly config load:file:C:\Users\LENOVO\.npmrc
6 silly config load:file:C:\Users\LENOVO\AppData\Roaming\npm\etc\npmrc
7 verbose title npm exec pnpm@10.0.0 add -w smooth-scrollbar
8 verbose argv "exec" "--yes" "--" "pnpm@10.0.0" "add" "-w" "smooth-scrollbar"
9 verbose logfile logs-max:10 dir:D:\Projects\Freelance\Audy-LP-16\landingpage_cms-audy\.npm-cache\_logs\2026-05-10T08_54_34_593Z-
10 verbose logfile D:\Projects\Freelance\Audy-LP-16\landingpage_cms-audy\.npm-cache\_logs\2026-05-10T08_54_34_593Z-debug-0.log
11 silly logfile done cleaning log files
12 silly packumentCache heap:4345298944 maxSize:1086324736 maxEntrySize:543162368
13 http fetch GET https://registry.npmjs.org/pnpm attempt 1 failed with EACCES
14 http fetch GET https://registry.npmjs.org/pnpm attempt 2 failed with EACCES
15 http fetch GET https://registry.npmjs.org/pnpm attempt 3 failed with EACCES
16 http fetch GET 200 https://registry.npmjs.org/pnpm 81533ms (cache stale)
17 silly packumentCache heap:4345298944 maxSize:1086324736 maxEntrySize:543162368
18 silly packumentCache heap:4345298944 maxSize:1086324736 maxEntrySize:543162368
19 silly idealTree buildDeps
20 silly fetch manifest pnpm@10.0.0
21 silly packumentCache full:https://registry.npmjs.org/pnpm cache-miss
22 http fetch GET https://registry.npmjs.org/pnpm attempt 1 failed with EACCES
23 http fetch GET https://registry.npmjs.org/pnpm attempt 2 failed with EACCES
24 http fetch GET https://registry.npmjs.org/pnpm attempt 3 failed with EACCES
25 http fetch GET 200 https://registry.npmjs.org/pnpm 70057ms (cache stale)
26 silly packumentCache full:https://registry.npmjs.org/pnpm set size:5371855 disposed:false
27 silly placeDep ROOT pnpm@10.0.0 OK for:  want: 10.0.0
28 silly reify moves {}
29 silly audit bulk request { pnpm: [ '10.0.0' ] }
30 http cache pnpm@https://registry.npmjs.org/pnpm/-/pnpm-10.0.0.tgz 0ms (cache hit)
31 silly tarball no local data for pnpm@https://registry.npmjs.org/pnpm/-/pnpm-10.0.0.tgz. Extracting by manifest.
32 silly audit bulk request failed undefined
33 http fetch GET https://registry.npmjs.org/pnpm/-/pnpm-10.0.0.tgz attempt 1 failed with EACCES
34 verbose audit error FetchError: request to https://registry.npmjs.org/-/npm/v1/security/audits/quick failed, reason: 
34 verbose audit error     at ClientRequest.<anonymous> (C:\Program Files\nodejs\node_modules\npm\node_modules\minipass-fetch\lib\index.js:130:14)
34 verbose audit error     at ClientRequest.emit (node:events:524:28)
34 verbose audit error     at emitErrorEvent (node:_http_client:104:11)
34 verbose audit error     at _destroy (node:_http_client:898:9)
34 verbose audit error     at onSocketNT (node:_http_client:918:5)
34 verbose audit error     at process.processTicksAndRejections (node:internal/process/task_queues:91:21) {
34 verbose audit error   code: 'EACCES',
34 verbose audit error   errno: 'EACCES',
34 verbose audit error   type: 'system'
34 verbose audit error }
35 silly audit error undefined
36 silly audit report null
37 http fetch GET https://registry.npmjs.org/pnpm/-/pnpm-10.0.0.tgz attempt 2 failed with EACCES
