0 verbose cli C:\Program Files\nodejs\node.exe C:\Users\LENOVO\AppData\Roaming\npm\node_modules\npm\bin\npm-cli.js
1 info using npm@11.7.0
2 info using node@v22.13.1
3 silly config load:file:C:\Users\LENOVO\AppData\Roaming\npm\node_modules\npm\npmrc
4 silly config load:file:D:\Projects\Freelance\Audy-LP-16\landingpage_cms-audy\.npmrc
5 silly config load:file:C:\Users\LENOVO\.npmrc
6 silly config load:file:C:\Users\LENOVO\AppData\Roaming\npm\etc\npmrc
7 verbose title npm exec pnpm@9.0.0 run check-types
8 verbose argv "exec" "--yes" "--" "pnpm@9.0.0" "run" "check-types"
9 verbose logfile logs-max:10 dir:D:\Projects\Freelance\Audy-LP-16\landingpage_cms-audy\.npm-cache\_logs\2026-05-10T09_28_12_981Z-
10 verbose logfile D:\Projects\Freelance\Audy-LP-16\landingpage_cms-audy\.npm-cache\_logs\2026-05-10T09_28_12_981Z-debug-0.log
11 silly logfile start cleaning logs, removing 1 files
12 silly logfile done cleaning log files
13 silly packumentCache heap:4345298944 maxSize:1086324736 maxEntrySize:543162368
14 http fetch GET 200 https://registry.npmjs.org/pnpm 791ms (cache revalidated)
15 silly packumentCache heap:4345298944 maxSize:1086324736 maxEntrySize:543162368
16 silly packumentCache heap:4345298944 maxSize:1086324736 maxEntrySize:543162368
17 verbose cwd D:\Projects\Freelance\Audy-LP-16\landingpage_cms-audy
18 verbose os Windows_NT 10.0.26200
19 verbose node v22.13.1
20 verbose npm  v11.7.0
21 verbose exit 1
22 verbose code 1
