0 verbose cli C:\Program Files\nodejs\node.exe C:\Program Files\nodejs\node_modules\npm\bin\npm-cli.js
1 info using npm@10.9.2
2 info using node@v22.13.1
3 silly config load:file:C:\Program Files\nodejs\node_modules\npm\npmrc
4 silly config load:file:D:\Projects\Freelance\Audy-LP-16\landingpage_cms-audy\.npmrc
5 silly config load:file:C:\Users\LENOVO\.npmrc
6 silly config load:file:C:\Users\LENOVO\AppData\Roaming\npm\etc\npmrc
7 verbose title npm exec pnpm@9.0.0 run db:push
8 verbose argv "exec" "--yes" "--" "pnpm@9.0.0" "run" "db:push"
9 verbose logfile logs-max:10 dir:D:\Projects\Freelance\Audy-LP-16\landingpage_cms-audy\.npm-cache\_logs\2026-05-11T07_11_16_554Z-
10 verbose logfile D:\Projects\Freelance\Audy-LP-16\landingpage_cms-audy\.npm-cache\_logs\2026-05-11T07_11_16_554Z-debug-0.log
11 silly logfile done cleaning log files
12 silly packumentCache heap:4345298944 maxSize:1086324736 maxEntrySize:543162368
13 http fetch GET https://registry.npmjs.org/pnpm attempt 1 failed with EACCES
14 http fetch GET https://registry.npmjs.org/pnpm attempt 2 failed with EACCES
15 http fetch GET https://registry.npmjs.org/pnpm attempt 3 failed with EACCES
16 http fetch GET 200 https://registry.npmjs.org/pnpm 81273ms (cache stale)
17 silly packumentCache heap:4345298944 maxSize:1086324736 maxEntrySize:543162368
18 silly packumentCache heap:4345298944 maxSize:1086324736 maxEntrySize:543162368
19 verbose cwd D:\Projects\Freelance\Audy-LP-16\landingpage_cms-audy
20 verbose os Windows_NT 10.0.26200
21 verbose node v22.13.1
22 verbose npm  v10.9.2
23 verbose exit 1
24 verbose code 1
