0 verbose cli C:\Program Files\nodejs\node.exe C:\Program Files\nodejs\node_modules\npm\bin\npm-cli.js
1 info using npm@10.9.2
2 info using node@v22.13.1
3 silly config load:file:C:\Program Files\nodejs\node_modules\npm\npmrc
4 silly config load:file:D:\Projects\Freelance\Audy-LP-16\landingpage_cms-audy\.npmrc
5 silly config load:file:C:\Users\LENOVO\.npmrc
6 silly config load:file:C:\Users\LENOVO\AppData\Roaming\npm\etc\npmrc
7 verbose title npm exec pnpm@latest install --lockfile-only --no-frozen-lockfile
8 verbose argv "exec" "--yes" "--" "pnpm@latest" "install" "--lockfile-only" "--no-frozen-lockfile"
9 verbose logfile logs-max:10 dir:D:\Projects\Freelance\Audy-LP-16\landingpage_cms-audy\.npm-cache\_logs\2026-05-11T12_12_16_295Z-
10 verbose logfile D:\Projects\Freelance\Audy-LP-16\landingpage_cms-audy\.npm-cache\_logs\2026-05-11T12_12_16_295Z-debug-0.log
11 silly logfile done cleaning log files
12 silly packumentCache heap:4345298944 maxSize:1086324736 maxEntrySize:543162368
13 http fetch GET https://registry.npmjs.org/pnpm attempt 1 failed with EACCES
14 http fetch GET https://registry.npmjs.org/pnpm attempt 2 failed with EACCES
15 http fetch GET https://registry.npmjs.org/pnpm attempt 3 failed with EACCES
16 http fetch GET 200 https://registry.npmjs.org/pnpm 70108ms (cache stale)
17 silly packumentCache heap:4345298944 maxSize:1086324736 maxEntrySize:543162368
18 silly packumentCache heap:4345298944 maxSize:1086324736 maxEntrySize:543162368
19 silly idealTree buildDeps
20 silly fetch manifest pnpm@11.0.9
21 silly packumentCache full:https://registry.npmjs.org/pnpm cache-miss
22 http fetch GET https://registry.npmjs.org/pnpm attempt 1 failed with EACCES
23 http fetch GET https://registry.npmjs.org/pnpm attempt 2 failed with EACCES
24 http fetch GET https://registry.npmjs.org/pnpm attempt 3 failed with EACCES
25 http fetch GET 200 https://registry.npmjs.org/pnpm 70061ms (cache stale)
26 silly packumentCache full:https://registry.npmjs.org/pnpm set size:5371855 disposed:false
27 silly placeDep ROOT pnpm@11.0.9 OK for:  want: 11.0.9
28 silly reify moves {}
29 silly audit bulk request { pnpm: [ '11.0.9' ] }
30 http cache pnpm@https://registry.npmjs.org/pnpm/-/pnpm-11.0.9.tgz 0ms (cache hit)
31 silly tarball no local data for pnpm@https://registry.npmjs.org/pnpm/-/pnpm-11.0.9.tgz. Extracting by manifest.
32 silly audit bulk request failed undefined
33 http fetch GET https://registry.npmjs.org/pnpm/-/pnpm-11.0.9.tgz attempt 1 failed with EACCES
34 verbose audit error FetchError: request to https://registry.npmjs.org/-/npm/v1/security/audits/quick failed, reason: 
34 verbose audit error     at ClientRequest.<anonymous> (C:\Program Files\nodejs\node_modules\npm\node_modules\minipass-fetch\lib\index.js:130:14)
34 verbose audit error     at ClientRequest.emit (node:events:524:28)
34 verbose audit error     at emitErrorEvent (node:_http_client:104:11)
34 verbose audit error     at _destroy (node:_http_client:898:9)
34 verbose audit error     at onSocketNT (node:_http_client:918:5)
34 verbose audit error     at process.processTicksAndRejections (node:internal/process/task_queues:91:21) {
34 verbose audit error   code: 'EACCES',
34 verbose audit error   errno: 'EACCES',
34 verbose audit error   type: 'system'
34 verbose audit error }
35 silly audit error undefined
36 silly audit report null
37 http fetch GET https://registry.npmjs.org/pnpm/-/pnpm-11.0.9.tgz attempt 2 failed with EACCES
38 http fetch GET https://registry.npmjs.org/pnpm/-/pnpm-11.0.9.tgz attempt 3 failed with EACCES
39 verbose type system
40 verbose stack FetchError: request to https://registry.npmjs.org/pnpm/-/pnpm-11.0.9.tgz failed, reason: 
40 verbose stack     at ClientRequest.<anonymous> (C:\Program Files\nodejs\node_modules\npm\node_modules\minipass-fetch\lib\index.js:130:14)
40 verbose stack     at ClientRequest.emit (node:events:524:28)
40 verbose stack     at emitErrorEvent (node:_http_client:104:11)
40 verbose stack     at _destroy (node:_http_client:898:9)
40 verbose stack     at onSocketNT (node:_http_client:918:5)
40 verbose stack     at process.processTicksAndRejections (node:internal/process/task_queues:91:21)
41 error code EACCES
42 error errno EACCES
43 error FetchError: request to https://registry.npmjs.org/pnpm/-/pnpm-11.0.9.tgz failed, reason: 
43 error     at ClientRequest.<anonymous> (C:\Program Files\nodejs\node_modules\npm\node_modules\minipass-fetch\lib\index.js:130:14)
43 error     at ClientRequest.emit (node:events:524:28)
43 error     at emitErrorEvent (node:_http_client:104:11)
43 error     at _destroy (node:_http_client:898:9)
43 error     at onSocketNT (node:_http_client:918:5)
43 error     at process.processTicksAndRejections (node:internal/process/task_queues:91:21) {
43 error   code: 'EACCES',
43 error   errno: 'EACCES',
43 error   type: 'system'
43 error }
44 error
44 error The operation was rejected by your operating system.
44 error It's possible that the file was already in use (by a text editor or antivirus),
44 error or that you lack permissions to access it.
44 error
44 error If you believe this might be a permissions issue, please double-check the
44 error permissions of the file and its containing directories, or try running
44 error the command again as root/Administrator.
45 silly unfinished npm timer reify 1778501610223
46 silly unfinished npm timer reify:unpack 1778501680415
47 silly unfinished npm timer reifyNode:node_modules/pnpm 1778501680415
48 verbose cwd D:\Projects\Freelance\Audy-LP-16\landingpage_cms-audy
49 verbose os Windows_NT 10.0.26200
50 verbose node v22.13.1
51 verbose npm  v10.9.2
52 verbose exit 1
53 verbose code 1
54 error A complete log of this run can be found in: D:\Projects\Freelance\Audy-LP-16\landingpage_cms-audy\.npm-cache\_logs\2026-05-11T12_12_16_295Z-debug-0.log
